-------------------------------------------------------------------------------
Test set: com.fourserveglobal.SpringbootfirstAppDatabaseApplicationTests
-------------------------------------------------------------------------------
Tests run: 1, Failures: 0, Errors: 1, Skipped: 0, Time elapsed: 4.509 s <<< FAILURE! - in com.fourserveglobal.SpringbootfirstAppDatabaseApplicationTests
contextLoads  Time elapsed: 0.013 s  <<< ERROR!
java.lang.IllegalStateException: Failed to load ApplicationContext
Caused by: org.springframework.beans.factory.BeanCreationException: Error creating bean with name 'handlerExceptionResolver' defined in class path resource [org/springframework/boot/autoconfigure/web/servlet/WebMvcAutoConfiguration$EnableWebMvcConfiguration.class]: Bean instantiation via factory method failed; nested exception is org.springframework.beans.BeanInstantiationException: Failed to instantiate [org.springframework.web.servlet.HandlerExceptionResolver]: Factory method 'handlerExceptionResolver' threw exception; nested exception is java.lang.IllegalStateException: Ambiguous @ExceptionHandler method mapped for [class java.lang.Exception]: {public org.springframework.http.ResponseEntity com.fourserveglobal.exception.GlobalExceptionHandler.handleResourceNotFoundException(com.fourserveglobal.exception.ResourceNotFoundException,org.springframework.web.context.request.WebRequest), public org.springframework.http.ResponseEntity com.fourserveglobal.exception.GlobalExceptionHandler.handleGlobalException(java.lang.Exception,org.springframework.web.context.request.WebRequest)}
Caused by: org.springframework.beans.BeanInstantiationException: Failed to instantiate [org.springframework.web.servlet.HandlerExceptionResolver]: Factory method 'handlerExceptionResolver' threw exception; nested exception is java.lang.IllegalStateException: Ambiguous @ExceptionHandler method mapped for [class java.lang.Exception]: {public org.springframework.http.ResponseEntity com.fourserveglobal.exception.GlobalExceptionHandler.handleResourceNotFoundException(com.fourserveglobal.exception.ResourceNotFoundException,org.springframework.web.context.request.WebRequest), public org.springframework.http.ResponseEntity com.fourserveglobal.exception.GlobalExceptionHandler.handleGlobalException(java.lang.Exception,org.springframework.web.context.request.WebRequest)}
Caused by: java.lang.IllegalStateException: Ambiguous @ExceptionHandler method mapped for [class java.lang.Exception]: {public org.springframework.http.ResponseEntity com.fourserveglobal.exception.GlobalExceptionHandler.handleResourceNotFoundException(com.fourserveglobal.exception.ResourceNotFoundException,org.springframework.web.context.request.WebRequest), public org.springframework.http.ResponseEntity com.fourserveglobal.exception.GlobalExceptionHandler.handleGlobalException(java.lang.Exception,org.springframework.web.context.request.WebRequest)}

